Using pre-set license
Built from '2020.3/staging' branch; Version is '2020.3.3f1 (76626098c1c4) revision 7758432'; Using compiler version '192528614'; Build Type 'Release'
OS: 'Windows 10 Home Single Language; OS build 19043.1645; Version 2009; 64bit' Language: 'ru' Physical Memory: 16261 MB
BatchMode: 1, IsHumanControllingUs: 0, StartBugReporterOnCrash: 0, Is64bit: 1, IsPro: 0

 COMMAND LINE ARGUMENTS:
C:\Program Files\Unity\Hub\Editor\2020.3.3f1\Editor\Unity.exe
-adb2
-batchMode
-noUpm
-name
AssetImportWorker0
-projectPath
C:/Users/maksi/Desktop/Штучки/ДиР/Diplom/Diplom/Quaser/Quaser
-logFile
Logs/AssetImportWorker0.log
-srvPort
54851
Successfully changed project path to: C:/Users/maksi/Desktop/Штучки/ДиР/Diplom/Diplom/Quaser/Quaser
C:/Users/maksi/Desktop/Штучки/ДиР/Diplom/Diplom/Quaser/Quaser
Using Asset Import Pipeline V2.
Refreshing native plugins compatible for Editor in 62.36 ms, found 2 plugins.
Preloading 0 native plugins for Editor in 0.00 ms.
Initialize engine version: 2020.3.3f1 (76626098c1c4)
[Subsystems] Discovering subsystems at path C:/Program Files/Unity/Hub/Editor/2020.3.3f1/Editor/Data/Resources/UnitySubsystems
[Subsystems] Discovering subsystems at path C:/Users/maksi/Desktop/Штучки/ДиР/Diplom/Diplom/Quaser/Quaser/Assets
GfxDevice: creating device client; threaded=0
Direct3D:
    Version:  Direct3D 11.0 [level 11.1]
    Renderer: NVIDIA GeForce RTX 2070 with Max-Q Design (ID=0x1f10)
    Vendor:   
    VRAM:     8031 MB
    Driver:   27.21.14.5167
Initialize mono
Mono path[0] = 'C:/Program Files/Unity/Hub/Editor/2020.3.3f1/Editor/Data/Managed'
Mono path[1] = 'C:/Program Files/Unity/Hub/Editor/2020.3.3f1/Editor/Data/MonoBleedingEdge/lib/mono/unityjit'
Mono config path = 'C:/Program Files/Unity/Hub/Editor/2020.3.3f1/Editor/Data/MonoBleedingEdge/etc'
Using monoOptions --debugger-agent=transport=dt_socket,embedding=1,server=y,suspend=n,address=127.0.0.1:56176
Begin MonoManager ReloadAssembly
Registering precompiled unity dll's ...
Register platform support module: C:/Program Files/Unity/Hub/Editor/2020.3.3f1/Editor/Data/PlaybackEngines/WindowsStandaloneSupport/UnityEditor.WindowsStandalone.Extensions.dll
Registered in 0.003076 seconds.
Native extension for WindowsStandalone target not found
Refreshing native plugins compatible for Editor in 44.66 ms, found 2 plugins.
Preloading 0 native plugins for Editor in 0.00 ms.
Invoked RoslynAnalysisRunner static constructor.
RoslynAnalysisRunner will not be running.
RoslynAnalysisRunner has terminated.
Mono: successfully reloaded assembly
- Completed reload, in  3.810 seconds
Platform modules already initialized, skipping
Registering precompiled user dll's ...
Registered in 0.008543 seconds.
Begin MonoManager ReloadAssembly
Native extension for WindowsStandalone target not found
Refreshing native plugins compatible for Editor in 0.42 ms, found 2 plugins.
Preloading 0 native plugins for Editor in 0.00 ms.
Invoked RoslynAnalysisRunner static constructor.
RoslynAnalysisRunner will not be running.
RoslynAnalysisRunner has terminated.
Mono: successfully reloaded assembly
- Completed reload, in  1.730 seconds
Platform modules already initialized, skipping
========================================================================
Worker process is ready to serve import requests
Launched and connected shader compiler UnityShaderCompiler.exe after 0.08 seconds
Refreshing native plugins compatible for Editor in 0.41 ms, found 2 plugins.
Preloading 0 native plugins for Editor in 0.00 ms.
Unloading 1403 Unused Serialized files (Serialized files now loaded: 0)
System memory in use before: 80.6 MB.
System memory in use after: 80.7 MB.

Unloading 21 unused Assets to reduce memory usage. Loaded Objects now: 1866.
Total: 3.679800 ms (FindLiveObjects: 0.284500 ms CreateObjectMapping: 0.094300 ms MarkObjects: 3.153800 ms  DeleteObjects: 0.145500 ms)

========================================================================
Received Import Request.
  path: Assets/Models/Станок/Magazin_instrumentov_v_tsentre_NSK.obj
  artifactKey: Guid(b14607c33c6287043b1a65af19c7f2bc) Importer(815301076,1909f56bfc062723c751e8b465ee728b)
Start importing Assets/Models/Станок/Magazin_instrumentov_v_tsentre_NSK.obj using Guid(b14607c33c6287043b1a65af19c7f2bc) Importer(815301076,1909f56bfc062723c751e8b465ee728b)  -> (artifact id: '2fabb14a6a941978c609c611590c6d1c') in 0.230898 seconds
  Import took 0.234724 seconds .

========================================================================
Received Prepare
Registering precompiled user dll's ...
Registered in 0.009611 seconds.
Begin MonoManager ReloadAssembly
Native extension for WindowsStandalone target not found
Refreshing native plugins compatible for Editor in 0.63 ms, found 2 plugins.
Preloading 0 native plugins for Editor in 0.00 ms.
Invoked RoslynAnalysisRunner static constructor.
RoslynAnalysisRunner will not be running.
RoslynAnalysisRunner has terminated.
Mono: successfully reloaded assembly
- Completed reload, in  1.921 seconds
Platform modules already initialized, skipping
Refreshing native plugins compatible for Editor in 0.52 ms, found 2 plugins.
Preloading 0 native plugins for Editor in 0.00 ms.
Unloading 1398 Unused Serialized files (Serialized files now loaded: 0)
System memory in use before: 84.0 MB.
System memory in use after: 84.1 MB.

Unloading 17 unused Assets to reduce memory usage. Loaded Objects now: 1912.
Total: 2.872100 ms (FindLiveObjects: 0.253700 ms CreateObjectMapping: 0.073700 ms MarkObjects: 2.456300 ms  DeleteObjects: 0.086400 ms)

========================================================================
Received Import Request.
  Time since last request: 3256.187082 seconds.
  path: Assets/Models/Станок/Магазин инструментов.obj
  artifactKey: Guid(47834b0005196ba47b85ba6e51764557) Importer(815301076,1909f56bfc062723c751e8b465ee728b)
Start importing Assets/Models/Станок/Магазин инструментов.obj using Guid(47834b0005196ba47b85ba6e51764557) Importer(815301076,1909f56bfc062723c751e8b465ee728b)  -> (artifact id: '39aee5456a504bbb955665d3ca8424bf') in 0.252320 seconds
  Import took 0.302467 seconds .

========================================================================
Received Import Request.
  Time since last request: 0.000318 seconds.
  path: Assets/Models/Станок/defaultMat 1.mat
  artifactKey: Guid(4c9d70a33298d3549bddd77cd7270fb8) Importer(815301076,1909f56bfc062723c751e8b465ee728b)
Start importing Assets/Models/Станок/defaultMat 1.mat using Guid(4c9d70a33298d3549bddd77cd7270fb8) Importer(815301076,1909f56bfc062723c751e8b465ee728b)  -> (artifact id: '8e8a146ea64f975d88cb59690cb8a06f') in 0.064429 seconds
  Import took 0.067937 seconds .

========================================================================
Received Import Request.
  Time since last request: 607.095317 seconds.
  path: Assets/Models/Станок/СОЖ.mat
  artifactKey: Guid(4c9d70a33298d3549bddd77cd7270fb8) Importer(815301076,1909f56bfc062723c751e8b465ee728b)
Start importing Assets/Models/Станок/СОЖ.mat using Guid(4c9d70a33298d3549bddd77cd7270fb8) Importer(815301076,1909f56bfc062723c751e8b465ee728b)  -> (artifact id: 'f10e91a91d533180dd91d50b12767059') in 0.022767 seconds
  Import took 0.027656 seconds .

========================================================================
Received Import Request.
  Time since last request: 0.014159 seconds.
  path: Assets/Models/Станок/СОЖ.mat
  artifactKey: Guid(4c9d70a33298d3549bddd77cd7270fb8) Importer(815301076,1909f56bfc062723c751e8b465ee728b)
Start importing Assets/Models/Станок/СОЖ.mat using Guid(4c9d70a33298d3549bddd77cd7270fb8) Importer(815301076,1909f56bfc062723c751e8b465ee728b)  -> (artifact id: 'f10e91a91d533180dd91d50b12767059') in 0.013444 seconds
  Import took 0.017296 seconds .

AssetImportWorkerClient::OnTransportError - code=2 error=End of file
